<?xml version="1.0" encoding="UTF-8"?>
<!-- Generated by org.testng.reporters.JUnitReportReporter -->
<testsuite hostname="LAPTOP-PME6RJFI" failures="0" tests="1" name="gatling.TestClass" time="0.005" errors="0" timestamp="2024-03-24T14:35:03 IST" skipped="0">
  <testcase classname="gatling.TestClass" name="Test1" time="0.005"/>
</testsuite> <!-- gatling.TestClass -->
